/gpfs/home1/scur0895/snellius-final-assignment/my_venv/lib/python3.11/site-packages/torch/_subclasses/functional_tensor.py:275: UserWarning: Failed to initialize NumPy: No module named 'numpy' (Triggered internally at /pytorch/torch/csrc/utils/tensor_numpy.cpp:81.)
  cpu = _conversion_method_template(device=torch.device("cpu"))
Traceback (most recent call last):
  File "<frozen runpy>", line 198, in _run_module_as_main
  File "<frozen runpy>", line 88, in _run_code
  File "/gpfs/home1/scur0895/snellius-final-assignment/task1_birds/experiment1.py", line 3, in <module>
    import torchmetrics
  File "/gpfs/home1/scur0895/snellius-final-assignment/my_venv/lib/python3.11/site-packages/torchmetrics/__init__.py", line 37, in <module>
    from torchmetrics import functional  # noqa: E402
    ^^^^^^^^^^^^^^^^^^^^^^^^^^^^^^^^^^^
  File "/gpfs/home1/scur0895/snellius-final-assignment/my_venv/lib/python3.11/site-packages/torchmetrics/functional/__init__.py", line 14, in <module>
    from torchmetrics.functional.audio._deprecated import _permutation_invariant_training as permutation_invariant_training
  File "/gpfs/home1/scur0895/snellius-final-assignment/my_venv/lib/python3.11/site-packages/torchmetrics/functional/audio/__init__.py", line 14, in <module>
    from torchmetrics.functional.audio.pit import permutation_invariant_training, pit_permutate
  File "/gpfs/home1/scur0895/snellius-final-assignment/my_venv/lib/python3.11/site-packages/torchmetrics/functional/audio/pit.py", line 17, in <module>
    import numpy as np
ModuleNotFoundError: No module named 'numpy'
srun: error: gcn2: task 0: Exited with exit code 1
srun: Terminating StepId=10848848.0
